I, [2018-12-06T17:37:34.094384 #6986]  INFO -- : Registered expected interaction GET /cards
D, [2018-12-06T17:37:34.094597 #6986] DEBUG -- : {
  "description": "perform login",
  "providerState": "cards consumer works",
  "request": {
    "method": "GET",
    "path": "/cards",
    "headers": {
      "Accept": "text/html; charset=utf-8"
    }
  },
  "response": {
    "status": 200,
    "headers": {
      "Content-Type": "text/html; charset=utf-8"
    },
    "body": "responds with cards set!"
  }
}
I, [2018-12-06T17:37:34.102284 #6986]  INFO -- : Received request GET /cards
D, [2018-12-06T17:37:34.102388 #6986] DEBUG -- : {
  "path": "/cards",
  "query": "",
  "method": "get",
  "headers": {
    "Accept": "text/html; charset=utf-8",
    "User-Agent": "axios/0.14.0",
    "Host": "localhost:8989",
    "Connection": "close",
    "Version": "HTTP/1.1"
  }
}
I, [2018-12-06T17:37:34.102513 #6986]  INFO -- : Found matching response for GET /cards
D, [2018-12-06T17:37:34.102575 #6986] DEBUG -- : {
  "status": 200,
  "headers": {
    "Content-Type": "text/html; charset=utf-8"
  },
  "body": "responds with cards set!"
}
I, [2018-12-06T17:37:34.106097 #6986]  INFO -- : Verifying - interactions matched
I, [2018-12-06T17:37:34.109568 #6986]  INFO -- : Cleared interactions
I, [2018-12-06T17:37:34.113127 #6986]  INFO -- : Writing pact for MyProvider to /Users/gilgrz/pact-contract-testing/official/examples/jest/pacts/myconsumer-card-myprovider.json
